[1.008s] Invoking command in '/home/nitish/final_ws/build/group11_final': /usr/bin/cmake --build /home/nitish/final_ws/build/group11_final -- -j12 -l12
[1.736s] -- Found ament_cmake: 1.1.6 (/opt/ros/galactic/share/ament_cmake/cmake)
[1.737s] -- Using PYTHON_EXECUTABLE: /usr/bin/python3
[1.738s] -- Found rclcpp: 9.2.2 (/opt/ros/galactic/share/rclcpp/cmake)
[1.739s] -- Using all available rosidl_typesupport_c: rosidl_typesupport_fastrtps_c;rosidl_typesupport_introspection_c
[1.741s] -- Found rosidl_adapter: 2.2.3 (/opt/ros/galactic/share/rosidl_adapter/cmake)
[1.742s] -- Using all available rosidl_typesupport_cpp: rosidl_typesupport_fastrtps_cpp;rosidl_typesupport_introspection_cpp
[1.742s] -- Found rmw_implementation_cmake: 3.3.1 (/opt/ros/galactic/share/rmw_implementation_cmake/cmake)
[1.745s] -- Found rmw_cyclonedds_cpp: 0.22.6 (/opt/ros/galactic/share/rmw_cyclonedds_cpp/cmake)
[1.746s] -- Using RMW implementation 'rmw_cyclonedds_cpp' as default
[1.919s] -- Found tf2_ros: 0.17.5 (/opt/ros/galactic/share/tf2_ros/cmake)
[2.611s] -- Found tf2_geometry_msgs: 0.17.5 (/opt/ros/galactic/share/tf2_geometry_msgs/cmake)
[2.621s] -- Found eigen3_cmake_module: 0.1.1 (/opt/ros/galactic/share/eigen3_cmake_module/cmake)
[2.670s] -- Found ros2_aruco_interfaces: 0.1.0 (/home/nitish/final_ws/install/ros2_aruco_interfaces/share/ros2_aruco_interfaces/cmake)
[2.785s] -- Found mage_msgs: 0.0.0 (/home/nitish/final_ws/install/mage_msgs/share/mage_msgs/cmake)
[2.905s] -- Found nav_msgs: 2.2.4 (/opt/ros/galactic/share/nav_msgs/cmake)
[3.034s] -- Found nav2_msgs: 1.0.12 (/opt/ros/galactic/share/nav2_msgs/cmake)
[3.502s] Error parsing '/home/nitish/final_ws/src/group11_final/package.xml':
[3.686s] Traceback (most recent call last):
[3.687s]   File "/opt/ros/galactic/share/ament_cmake_core/cmake/core/package_xml_2_cmake.py", line 151, in <module>
[3.689s]     main()
[3.690s]   File "/opt/ros/galactic/share/ament_cmake_core/cmake/core/package_xml_2_cmake.py", line 54, in main
[3.691s]     raise e
[3.692s]   File "/opt/ros/galactic/share/ament_cmake_core/cmake/core/package_xml_2_cmake.py", line 50, in main
[3.694s]     package = parse_package_string(
[3.695s]   File "/usr/lib/python3/dist-packages/catkin_pkg/package.py", line 788, in parse_package_string
[3.697s]     pkg.validate(warnings=warnings)
[3.700s]   File "/usr/lib/python3/dist-packages/catkin_pkg/package.py", line 330, in validate
[3.701s]     raise InvalidPackage('\n'.join(errors), self.filename)
[3.702s] catkin_pkg.package.InvalidPackage: Error(s) in package '/home/nitish/final_ws/src/group11_final/package.xml':
[3.705s] Invalid email "rrnitish@umd.edu, varunl11@umd.edu, jagkrish@umd.edu" for person "nitish, varun, jagadeesh"
[3.719s] CMake Error at /opt/ros/galactic/share/ament_cmake_core/cmake/core/ament_package_xml.cmake:94 (message):
[3.719s]   execute_process(/usr/bin/python3
[3.719s]   /opt/ros/galactic/share/ament_cmake_core/cmake/core/package_xml_2_cmake.py
[3.719s]   /home/nitish/final_ws/src/group11_final/package.xml
[3.720s]   /home/nitish/final_ws/build/group11_final/ament_cmake_core/package.cmake)
[3.720s]   returned error code 1
[3.720s] Call Stack (most recent call first):
[3.721s]   /opt/ros/galactic/share/ament_cmake_core/cmake/core/ament_package_xml.cmake:49 (_ament_package_xml)
[3.721s]   /opt/ros/galactic/share/ament_cmake_core/cmake/core/ament_package.cmake:63 (ament_package_xml)
[3.721s]   CMakeLists.txt:52 (ament_package)
[3.722s] 
[3.722s] 
[3.725s] -- Configuring incomplete, errors occurred!
[3.725s] See also "/home/nitish/final_ws/build/group11_final/CMakeFiles/CMakeOutput.log".
[3.726s] See also "/home/nitish/final_ws/build/group11_final/CMakeFiles/CMakeError.log".
[3.739s] make: *** [Makefile:266: cmake_check_build_system] Error 1
[4.695s] Invoked command in '/home/nitish/final_ws/build/group11_final' returned '2': /usr/bin/cmake --build /home/nitish/final_ws/build/group11_final -- -j12 -l12
