[0.204s] Invoking command in '/home/nitish/final_ws/build/group11_final': CMAKE_PREFIX_PATH=/home/nitish/final_ws/install/ros2_aruco_interfaces:/home/nitish/final_ws/install/mage_msgs:/home/nitish/final_ws/install/group11_final:/home/nitish/final_ws/install/final_project:/home/nitish/final_ws/install/ros2_aruco:/opt/ros/galactic LD_LIBRARY_PATH=/home/nitish/final_ws/install/ros2_aruco_interfaces/lib:/home/nitish/final_ws/install/mage_msgs/lib:/home/nitish/final_ws/install/final_project/lib:/usr/lib/x86_64-linux-gnu/gazebo-11/plugins:/opt/ros/galactic/opt/yaml_cpp_vendor/lib:/opt/ros/galactic/opt/rviz_ogre_vendor/lib:/opt/ros/galactic/lib/x86_64-linux-gnu:/opt/ros/galactic/lib PYTHONPATH=/home/nitish/final_ws/install/ros2_aruco_interfaces/lib/python3.8/site-packages:/home/nitish/final_ws/install/mage_msgs/lib/python3.8/site-packages:/home/nitish/final_ws/install/ros2_aruco/lib/python3.8/site-packages:/home/nitish/final_ws/install/final_project/lib/python3.8/site-packages:/opt/ros/galactic/lib/python3.8/site-packages /usr/bin/cmake --build /home/nitish/final_ws/build/group11_final -- -j12 -l12
[0.302s] [35m[1mScanning dependencies of target part_pose_listener[0m
[0.396s] [ 66%] [32mBuilding CXX object CMakeFiles/part_pose_listener.dir/src/main.cpp.o[0m
[0.397s] [ 66%] [32mBuilding CXX object CMakeFiles/part_pose_listener.dir/src/part_pose_listener.cpp.o[0m
[5.567s] [01m[K/home/nitish/final_ws/src/group11_final/src/part_pose_listener.cpp:[m[K In constructor â€˜[01m[KPartPoseListener::PartPoseListener()[m[Kâ€™:
[5.567s] [01m[K/home/nitish/final_ws/src/group11_final/src/part_pose_listener.cpp:70:5:[m[K [01;31m[Kerror: [m[Kâ€˜[01m[Kclient_[m[Kâ€™ was not declared in this scope
[5.568s]    70 |     [01;31m[Kclient_[m[K =
[5.569s]       |     [01;31m[K^~~~~~~[m[K
[5.569s] [01m[K/home/nitish/final_ws/src/group11_final/src/part_pose_listener.cpp:71:38:[m[K [01;31m[Kerror: [m[Kâ€˜[01m[KNavigateToPose[m[Kâ€™ was not declared in this scope; did you mean â€˜[01m[Knav2_msgs::action::NavigateToPose[m[Kâ€™?
[5.570s]    71 |         rclcpp_action::create_client<[01;31m[KNavigateToPose[m[K>(this, "navigate_to_pose");
[5.570s]       |                                      [01;31m[K^~~~~~~~~~~~~~[m[K
[5.570s]       |                                      [32m[Knav2_msgs::action::NavigateToPose[m[K
[5.571s] In file included from [01m[K/opt/ros/galactic/include/nav2_msgs/action/navigate_to_pose.hpp:7[m[K,
[5.571s]                  from [01m[K/home/nitish/final_ws/src/group11_final/include/group11_final/part_pose_listener.hpp:14[m[K,
[5.571s]                  from [01m[K/home/nitish/final_ws/src/group11_final/src/part_pose_listener.cpp:1[m[K:
[5.571s] [01m[K/opt/ros/galactic/include/nav2_msgs/action/detail/navigate_to_pose__struct.hpp:1134:31:[m[K [01;36m[Knote: [m[Kâ€˜[01m[Knav2_msgs::action::NavigateToPose[m[Kâ€™ declared here
[5.572s]  1134 | typedef struct NavigateToPose [01;36m[KNavigateToPose[m[K;
[5.572s]       |                               [01;36m[K^~~~~~~~~~~~~~[m[K
[5.572s] [01m[K/home/nitish/final_ws/src/group11_final/src/part_pose_listener.cpp:71:78:[m[K [01;31m[Kerror: [m[Kno matching function for call to â€˜[01m[Kcreate_client<<expression error> >(PartPoseListener*, const char [17])[m[Kâ€™
[5.572s]    71 |         rclcpp_action::create_client<NavigateToPose>(this, "navigate_to_pose"[01;31m[K)[m[K;
[5.572s]       |                                                                              [01;31m[K^[m[K
[5.572s] In file included from [01m[K/opt/ros/galactic/include/rclcpp_action/rclcpp_action.hpp:38[m[K,
[5.572s]                  from [01m[K/home/nitish/final_ws/src/group11_final/include/group11_final/part_pose_listener.hpp:13[m[K,
[5.573s]                  from [01m[K/home/nitish/final_ws/src/group11_final/src/part_pose_listener.cpp:1[m[K:
[5.573s] [01m[K/opt/ros/galactic/include/rclcpp_action/create_client.hpp:44:1:[m[K [01;36m[Knote: [m[Kcandidate: â€˜[01m[Ktemplate<class ActionT> typename rclcpp_action::Client<ActionT>::SharedPtr rclcpp_action::create_client(rclcpp::node_interfaces::NodeBaseInterface::SharedPtr, rclcpp::node_interfaces::NodeGraphInterface::SharedPtr, rclcpp::node_interfaces::NodeLoggingInterface::SharedPtr, rclcpp::node_interfaces::NodeWaitablesInterface::SharedPtr, const string&, rclcpp::CallbackGroup::SharedPtr, const rcl_action_client_options_t&)[m[Kâ€™
[5.574s]    44 | [01;36m[Kcreate_client[m[K(
[5.576s]       | [01;36m[K^~~~~~~~~~~~~[m[K
[5.577s] [01m[K/opt/ros/galactic/include/rclcpp_action/create_client.hpp:44:1:[m[K [01;36m[Knote: [m[K  template argument deduction/substitution failed:
[5.577s] [01m[K/home/nitish/final_ws/src/group11_final/src/part_pose_listener.cpp:71:78:[m[K [01;31m[Kerror: [m[Ktemplate argument 1 is invalid
[5.577s]    71 |         rclcpp_action::create_client<NavigateToPose>(this, "navigate_to_pose"[01;31m[K)[m[K;
[5.578s]       |                                                                              [01;31m[K^[m[K
[5.578s] In file included from [01m[K/opt/ros/galactic/include/rclcpp_action/rclcpp_action.hpp:38[m[K,
[5.579s]                  from [01m[K/home/nitish/final_ws/src/group11_final/include/group11_final/part_pose_listener.hpp:13[m[K,
[5.579s]                  from [01m[K/home/nitish/final_ws/src/group11_final/src/part_pose_listener.cpp:1[m[K:
[5.579s] [01m[K/opt/ros/galactic/include/rclcpp_action/create_client.hpp:105:1:[m[K [01;36m[Knote: [m[Kcandidate: â€˜[01m[Ktemplate<class ActionT, class NodeT> typename rclcpp_action::Client<ActionT>::SharedPtr rclcpp_action::create_client(NodeT, const string&, rclcpp::CallbackGroup::SharedPtr, const rcl_action_client_options_t&)[m[Kâ€™
[5.580s]   105 | [01;36m[Kcreate_client[m[K(
[5.580s]       | [01;36m[K^~~~~~~~~~~~~[m[K
[5.580s] [01m[K/opt/ros/galactic/include/rclcpp_action/create_client.hpp:105:1:[m[K [01;36m[Knote: [m[K  template argument deduction/substitution failed:
[5.580s] [01m[K/home/nitish/final_ws/src/group11_final/src/part_pose_listener.cpp:71:78:[m[K [01;31m[Kerror: [m[Ktemplate argument 1 is invalid
[5.587s]    71 |         rclcpp_action::create_client<NavigateToPose>(this, "navigate_to_pose"[01;31m[K)[m[K;
[5.589s]       |                                                                              [01;31m[K^[m[K
[12.646s] make[2]: *** [CMakeFiles/part_pose_listener.dir/build.make:63: CMakeFiles/part_pose_listener.dir/src/part_pose_listener.cpp.o] Error 1
[12.646s] make[1]: *** [CMakeFiles/Makefile2:78: CMakeFiles/part_pose_listener.dir/all] Error 2
[12.646s] make: *** [Makefile:141: all] Error 2
[12.649s] Invoked command in '/home/nitish/final_ws/build/group11_final' returned '2': CMAKE_PREFIX_PATH=/home/nitish/final_ws/install/ros2_aruco_interfaces:/home/nitish/final_ws/install/mage_msgs:/home/nitish/final_ws/install/group11_final:/home/nitish/final_ws/install/final_project:/home/nitish/final_ws/install/ros2_aruco:/opt/ros/galactic LD_LIBRARY_PATH=/home/nitish/final_ws/install/ros2_aruco_interfaces/lib:/home/nitish/final_ws/install/mage_msgs/lib:/home/nitish/final_ws/install/final_project/lib:/usr/lib/x86_64-linux-gnu/gazebo-11/plugins:/opt/ros/galactic/opt/yaml_cpp_vendor/lib:/opt/ros/galactic/opt/rviz_ogre_vendor/lib:/opt/ros/galactic/lib/x86_64-linux-gnu:/opt/ros/galactic/lib PYTHONPATH=/home/nitish/final_ws/install/ros2_aruco_interfaces/lib/python3.8/site-packages:/home/nitish/final_ws/install/mage_msgs/lib/python3.8/site-packages:/home/nitish/final_ws/install/ros2_aruco/lib/python3.8/site-packages:/home/nitish/final_ws/install/final_project/lib/python3.8/site-packages:/opt/ros/galactic/lib/python3.8/site-packages /usr/bin/cmake --build /home/nitish/final_ws/build/group11_final -- -j12 -l12
